<?xml version="1.0" encoding="UTF-8"?>
<!-- Generated by org.testng.reporters.JUnitReportReporter -->
<testsuite hostname="LAPTOP-8J3R7791" failures="0" tests="1" name="com.qa.raybiztech.utils.CsvUtils" time="0.165" errors="0" timestamp="2023-12-18T16:00:12 IST" skipped="0">
  <testcase classname="com.qa.raybiztech.utils.CsvUtils" name="testPrintCSVData" time="0.165"/>
  <system-out/>
</testsuite> <!-- com.qa.raybiztech.utils.CsvUtils -->
