<?xml version="1.0" encoding="UTF-8"?>
<!-- Generated by org.testng.reporters.JUnitReportReporter -->
<testsuite hostname="LAPTOP-8J3R7791" failures="0" tests="1" name="com.qa.raybiztech.utils.FileComparisonUtils" time="0.815" errors="0" timestamp="2023-11-22T22:44:15 IST" skipped="0">
  <testcase classname="com.qa.raybiztech.utils.FileComparisonUtils" name="ReadPDFFile" time="0.815"/>
  <system-out/>
</testsuite> <!-- com.qa.raybiztech.utils.FileComparisonUtils -->
