<?xml version="1.0" encoding="UTF-8"?>
<!-- Generated by org.testng.reporters.JUnitReportReporter -->
<testsuite hostname="LAPTOP-8J3R7791" failures="0" tests="1" name="com.qa.raybiztech.tests.ArtificialIntelligencePageTest" time="0.111" errors="0" timestamp="2024-01-04T18:51:01 IST" skipped="0">
  <testcase classname="com.qa.raybiztech.tests.ArtificialIntelligencePageTest" name="ArtificialIntelligencePageTitleValidation" time="0.111"/>
  <system-out/>
</testsuite> <!-- com.qa.raybiztech.tests.ArtificialIntelligencePageTest -->
