<?xml version="1.0" encoding="UTF-8"?>
<!-- Generated by org.testng.reporters.JUnitReportReporter -->
<testsuite hostname="LAPTOP-8J3R7791" failures="0" tests="1" name="com.qa.raybiztech.utils.PdfUtils" time="1.151" errors="0" timestamp="2023-12-18T19:42:11 IST" skipped="0">
  <testcase classname="com.qa.raybiztech.utils.PdfUtils" name="testPdfDataExtraction" time="1.151"/>
  <system-out/>
</testsuite> <!-- com.qa.raybiztech.utils.PdfUtils -->
